[06-Feb-2024 23:31:45 UTC] PHP Deprecated:  Required parameter $params follows optional parameter $title in C:\MAMP\htdocs\chic_dressing\wp-content\plugins\wysija-newsletters\views\front\widget_nl.php on line 108
[06-Feb-2024 23:46:21 UTC] PHP Fatal error:  Uncaught TypeError: Cannot access offset of type string on string in C:\MAMP\htdocs\chic_dressing\wp-content\plugins\wysija-newsletters\views\front\widget_nl.php:125
Stack trace:
#0 C:\MAMP\htdocs\chic_dressing\wp-content\plugins\wysija-newsletters\widgets\wysija_nl.php(285): WYSIJA_view_front_widget_nl->display('<div class="wid...', Array, false, false)
#1 C:\MAMP\htdocs\chic_dressing\wp-includes\class-wp-widget.php(394): WYSIJA_NL_Widget->widget(Array, Array)
#2 C:\MAMP\htdocs\chic_dressing\wp-includes\widgets.php(837): WP_Widget->display_callback(Array, Array)
#3 C:\MAMP\htdocs\chic_dressing\wp-content\themes\ashe\templates\sidebars\sidebar-right.php(24): dynamic_sidebar('sidebar-right')
#4 C:\MAMP\htdocs\chic_dressing\wp-includes\template.php(792): require('C:\\MAMP\\htdocs\\...')
#5 C:\MAMP\htdocs\chic_dressing\wp-includes\template.php(725): load_template('C:\\MAMP\\htdocs\\...', false, Array)
#6 C:\MAMP\htdocs\chic_dressing\wp-includes\general-template.php(206): locate_template(Array, true, false, Array)
#7 C:\MAMP\htdocs\chic_dressing\wp-content\themes\chicdressing\index.php(57): get_template_part('templates/sideb...', 'right')
#8 C:\MAMP\htdocs\chic_dressing\wp-includes\template-loader.php(106): include('C:\\MAMP\\htdocs\\...')
#9 C:\MAMP\htdocs\chic_dressing\wp-blog-header.php(19): require_once('C:\\MAMP\\htdocs\\...')
#10 C:\MAMP\htdocs\chic_dressing\index.php(17): require('C:\\MAMP\\htdocs\\...')
#11 {main}
  thrown in C:\MAMP\htdocs\chic_dressing\wp-content\plugins\wysija-newsletters\views\front\widget_nl.php on line 125
[06-Feb-2024 23:47:07 UTC] PHP Deprecated:  Required parameter $params follows optional parameter $title in C:\MAMP\htdocs\chic_dressing\wp-content\plugins\wysija-newsletters\views\front\widget_nl.php on line 108
[06-Feb-2024 23:56:27 UTC] PHP Deprecated:  Required parameter $params follows optional parameter $title in C:\MAMP\htdocs\chic_dressing\wp-content\plugins\wysija-newsletters\views\front\widget_nl.php on line 108
[07-Feb-2024 00:03:22 UTC] PHP Deprecated:  Required parameter $params follows optional parameter $title in C:\MAMP\htdocs\chic_dressing\wp-content\plugins\wysija-newsletters\views\front\widget_nl.php on line 110
[07-Feb-2024 00:04:06 UTC] PHP Deprecated:  Required parameter $params follows optional parameter $title in C:\MAMP\htdocs\chic_dressing\wp-content\plugins\wysija-newsletters\views\front\widget_nl.php on line 108
[07-Feb-2024 00:05:21 UTC] PHP Deprecated:  Required parameter $params follows optional parameter $title in C:\MAMP\htdocs\chic_dressing\wp-content\plugins\wysija-newsletters\views\front\widget_nl.php on line 108
[07-Feb-2024 00:05:44 UTC] PHP Deprecated:  Required parameter $params follows optional parameter $title in C:\MAMP\htdocs\chic_dressing\wp-content\plugins\wysija-newsletters\views\front\widget_nl.php on line 108
[07-Feb-2024 00:06:28 UTC] PHP Deprecated:  Required parameter $params follows optional parameter $title in C:\MAMP\htdocs\chic_dressing\wp-content\plugins\wysija-newsletters\views\front\widget_nl.php on line 108
[07-Feb-2024 00:08:21 UTC] PHP Deprecated:  Required parameter $params follows optional parameter $title in C:\MAMP\htdocs\chic_dressing\wp-content\plugins\wysija-newsletters\views\front\widget_nl.php on line 108
[07-Feb-2024 00:09:01 UTC] PHP Deprecated:  Required parameter $params follows optional parameter $title in C:\MAMP\htdocs\chic_dressing\wp-content\plugins\wysija-newsletters\views\front\widget_nl.php on line 108
[07-Feb-2024 00:10:35 UTC] PHP Deprecated:  The PSR-0 `Requests_...` class names in the Requests library are deprecated. Switch to the PSR-4 `WpOrg\Requests\...` class names at your earliest convenience. in C:\MAMP\htdocs\chic_dressing\wp-includes\class-requests.php on line 24
[07-Feb-2024 00:10:36 UTC] PHP Warning:  Undefined property: WpOrg\Requests\Exception\Transport\Curl::$body in C:\MAMP\htdocs\chic_dressing\wp-content\plugins\social-warfare\lib\utilities\SWP_Requests.php on line 62
[07-Feb-2024 00:10:36 UTC] PHP Warning:  Undefined property: WpOrg\Requests\Exception\Transport\Curl::$body in C:\MAMP\htdocs\chic_dressing\wp-content\plugins\social-warfare\lib\utilities\SWP_Requests.php on line 62
[07-Feb-2024 00:10:36 UTC] PHP Warning:  Undefined property: WpOrg\Requests\Exception\Transport\Curl::$body in C:\MAMP\htdocs\chic_dressing\wp-content\plugins\social-warfare\lib\utilities\SWP_Requests.php on line 62
[07-Feb-2024 00:10:36 UTC] PHP Warning:  Undefined property: WpOrg\Requests\Exception\Transport\Curl::$body in C:\MAMP\htdocs\chic_dressing\wp-content\plugins\social-warfare\lib\utilities\SWP_Requests.php on line 62
[07-Feb-2024 00:10:36 UTC] PHP Warning:  Undefined property: WpOrg\Requests\Exception\Transport\Curl::$body in C:\MAMP\htdocs\chic_dressing\wp-content\plugins\social-warfare\lib\utilities\SWP_Requests.php on line 62
[07-Feb-2024 00:10:36 UTC] PHP Warning:  Undefined property: WpOrg\Requests\Exception\Transport\Curl::$body in C:\MAMP\htdocs\chic_dressing\wp-content\plugins\social-warfare\lib\utilities\SWP_Requests.php on line 62
[07-Feb-2024 00:10:36 UTC] PHP Warning:  Undefined property: WpOrg\Requests\Exception\Transport\Curl::$body in C:\MAMP\htdocs\chic_dressing\wp-content\plugins\social-warfare\lib\utilities\SWP_Requests.php on line 62
[07-Feb-2024 00:10:36 UTC] PHP Warning:  Undefined property: WpOrg\Requests\Exception\Transport\Curl::$body in C:\MAMP\htdocs\chic_dressing\wp-content\plugins\social-warfare\lib\utilities\SWP_Requests.php on line 62
[07-Feb-2024 00:10:41 UTC] PHP Deprecated:  Required parameter $params follows optional parameter $title in C:\MAMP\htdocs\chic_dressing\wp-content\plugins\wysija-newsletters\views\front\widget_nl.php on line 108
[07-Feb-2024 00:11:17 UTC] PHP Deprecated:  The PSR-0 `Requests_...` class names in the Requests library are deprecated. Switch to the PSR-4 `WpOrg\Requests\...` class names at your earliest convenience. in C:\MAMP\htdocs\chic_dressing\wp-includes\class-requests.php on line 24
[07-Feb-2024 00:11:17 UTC] PHP Warning:  Undefined property: WpOrg\Requests\Exception\Transport\Curl::$body in C:\MAMP\htdocs\chic_dressing\wp-content\plugins\social-warfare\lib\utilities\SWP_Requests.php on line 62
[07-Feb-2024 00:11:17 UTC] PHP Warning:  Undefined property: WpOrg\Requests\Exception\Transport\Curl::$body in C:\MAMP\htdocs\chic_dressing\wp-content\plugins\social-warfare\lib\utilities\SWP_Requests.php on line 62
[07-Feb-2024 00:11:17 UTC] PHP Warning:  Undefined property: WpOrg\Requests\Exception\Transport\Curl::$body in C:\MAMP\htdocs\chic_dressing\wp-content\plugins\social-warfare\lib\utilities\SWP_Requests.php on line 62
[07-Feb-2024 00:11:17 UTC] PHP Warning:  Undefined property: WpOrg\Requests\Exception\Transport\Curl::$body in C:\MAMP\htdocs\chic_dressing\wp-content\plugins\social-warfare\lib\utilities\SWP_Requests.php on line 62
[07-Feb-2024 00:11:18 UTC] PHP Warning:  Undefined property: WpOrg\Requests\Exception\Transport\Curl::$body in C:\MAMP\htdocs\chic_dressing\wp-content\plugins\social-warfare\lib\utilities\SWP_Requests.php on line 62
[07-Feb-2024 00:11:18 UTC] PHP Warning:  Undefined property: WpOrg\Requests\Exception\Transport\Curl::$body in C:\MAMP\htdocs\chic_dressing\wp-content\plugins\social-warfare\lib\utilities\SWP_Requests.php on line 62
[07-Feb-2024 00:11:18 UTC] PHP Warning:  Undefined property: WpOrg\Requests\Exception\Transport\Curl::$body in C:\MAMP\htdocs\chic_dressing\wp-content\plugins\social-warfare\lib\utilities\SWP_Requests.php on line 62
[07-Feb-2024 00:11:18 UTC] PHP Warning:  Undefined property: WpOrg\Requests\Exception\Transport\Curl::$body in C:\MAMP\htdocs\chic_dressing\wp-content\plugins\social-warfare\lib\utilities\SWP_Requests.php on line 62
[07-Feb-2024 00:11:45 UTC] PHP Deprecated:  The PSR-0 `Requests_...` class names in the Requests library are deprecated. Switch to the PSR-4 `WpOrg\Requests\...` class names at your earliest convenience. in C:\MAMP\htdocs\chic_dressing\wp-includes\class-requests.php on line 24
[07-Feb-2024 00:11:46 UTC] PHP Warning:  Undefined property: WpOrg\Requests\Exception\Transport\Curl::$body in C:\MAMP\htdocs\chic_dressing\wp-content\plugins\social-warfare\lib\utilities\SWP_Requests.php on line 62
[07-Feb-2024 00:11:46 UTC] PHP Warning:  Undefined property: WpOrg\Requests\Exception\Transport\Curl::$body in C:\MAMP\htdocs\chic_dressing\wp-content\plugins\social-warfare\lib\utilities\SWP_Requests.php on line 62
[07-Feb-2024 00:11:46 UTC] PHP Warning:  Undefined property: WpOrg\Requests\Exception\Transport\Curl::$body in C:\MAMP\htdocs\chic_dressing\wp-content\plugins\social-warfare\lib\utilities\SWP_Requests.php on line 62
[07-Feb-2024 00:11:46 UTC] PHP Warning:  Undefined property: WpOrg\Requests\Exception\Transport\Curl::$body in C:\MAMP\htdocs\chic_dressing\wp-content\plugins\social-warfare\lib\utilities\SWP_Requests.php on line 62
[07-Feb-2024 00:11:46 UTC] PHP Warning:  Undefined property: WpOrg\Requests\Exception\Transport\Curl::$body in C:\MAMP\htdocs\chic_dressing\wp-content\plugins\social-warfare\lib\utilities\SWP_Requests.php on line 62
[07-Feb-2024 00:11:46 UTC] PHP Warning:  Undefined property: WpOrg\Requests\Exception\Transport\Curl::$body in C:\MAMP\htdocs\chic_dressing\wp-content\plugins\social-warfare\lib\utilities\SWP_Requests.php on line 62
[07-Feb-2024 00:11:46 UTC] PHP Warning:  Undefined property: WpOrg\Requests\Exception\Transport\Curl::$body in C:\MAMP\htdocs\chic_dressing\wp-content\plugins\social-warfare\lib\utilities\SWP_Requests.php on line 62
[07-Feb-2024 00:11:46 UTC] PHP Warning:  Undefined property: WpOrg\Requests\Exception\Transport\Curl::$body in C:\MAMP\htdocs\chic_dressing\wp-content\plugins\social-warfare\lib\utilities\SWP_Requests.php on line 62
[07-Feb-2024 00:12:55 UTC] PHP Deprecated:  The PSR-0 `Requests_...` class names in the Requests library are deprecated. Switch to the PSR-4 `WpOrg\Requests\...` class names at your earliest convenience. in C:\MAMP\htdocs\chic_dressing\wp-includes\class-requests.php on line 24
[07-Feb-2024 00:12:55 UTC] PHP Warning:  Undefined property: WpOrg\Requests\Exception\Transport\Curl::$body in C:\MAMP\htdocs\chic_dressing\wp-content\plugins\social-warfare\lib\utilities\SWP_Requests.php on line 62
[07-Feb-2024 00:12:56 UTC] PHP Warning:  Undefined property: WpOrg\Requests\Exception\Transport\Curl::$body in C:\MAMP\htdocs\chic_dressing\wp-content\plugins\social-warfare\lib\utilities\SWP_Requests.php on line 62
[07-Feb-2024 00:12:56 UTC] PHP Warning:  Undefined property: WpOrg\Requests\Exception\Transport\Curl::$body in C:\MAMP\htdocs\chic_dressing\wp-content\plugins\social-warfare\lib\utilities\SWP_Requests.php on line 62
[07-Feb-2024 00:12:56 UTC] PHP Warning:  Undefined property: WpOrg\Requests\Exception\Transport\Curl::$body in C:\MAMP\htdocs\chic_dressing\wp-content\plugins\social-warfare\lib\utilities\SWP_Requests.php on line 62
[07-Feb-2024 00:12:56 UTC] PHP Warning:  Undefined property: WpOrg\Requests\Exception\Transport\Curl::$body in C:\MAMP\htdocs\chic_dressing\wp-content\plugins\social-warfare\lib\utilities\SWP_Requests.php on line 62
[07-Feb-2024 00:12:56 UTC] PHP Warning:  Undefined property: WpOrg\Requests\Exception\Transport\Curl::$body in C:\MAMP\htdocs\chic_dressing\wp-content\plugins\social-warfare\lib\utilities\SWP_Requests.php on line 62
[07-Feb-2024 00:12:56 UTC] PHP Warning:  Undefined property: WpOrg\Requests\Exception\Transport\Curl::$body in C:\MAMP\htdocs\chic_dressing\wp-content\plugins\social-warfare\lib\utilities\SWP_Requests.php on line 62
[07-Feb-2024 00:12:56 UTC] PHP Warning:  Undefined property: WpOrg\Requests\Exception\Transport\Curl::$body in C:\MAMP\htdocs\chic_dressing\wp-content\plugins\social-warfare\lib\utilities\SWP_Requests.php on line 62
[07-Feb-2024 00:13:51 UTC] PHP Deprecated:  Required parameter $params follows optional parameter $title in C:\MAMP\htdocs\chic_dressing\wp-content\plugins\wysija-newsletters\views\front\widget_nl.php on line 108
[07-Feb-2024 00:14:09 UTC] PHP Deprecated:  The PSR-0 `Requests_...` class names in the Requests library are deprecated. Switch to the PSR-4 `WpOrg\Requests\...` class names at your earliest convenience. in C:\MAMP\htdocs\chic_dressing\wp-includes\class-requests.php on line 24
[07-Feb-2024 00:14:09 UTC] PHP Warning:  Undefined property: WpOrg\Requests\Exception\Transport\Curl::$body in C:\MAMP\htdocs\chic_dressing\wp-content\plugins\social-warfare\lib\utilities\SWP_Requests.php on line 62
[07-Feb-2024 00:14:09 UTC] PHP Warning:  Undefined property: WpOrg\Requests\Exception\Transport\Curl::$body in C:\MAMP\htdocs\chic_dressing\wp-content\plugins\social-warfare\lib\utilities\SWP_Requests.php on line 62
[07-Feb-2024 00:14:10 UTC] PHP Warning:  Undefined property: WpOrg\Requests\Exception\Transport\Curl::$body in C:\MAMP\htdocs\chic_dressing\wp-content\plugins\social-warfare\lib\utilities\SWP_Requests.php on line 62
[07-Feb-2024 00:14:10 UTC] PHP Warning:  Undefined property: WpOrg\Requests\Exception\Transport\Curl::$body in C:\MAMP\htdocs\chic_dressing\wp-content\plugins\social-warfare\lib\utilities\SWP_Requests.php on line 62
[07-Feb-2024 00:14:10 UTC] PHP Warning:  Undefined property: WpOrg\Requests\Exception\Transport\Curl::$body in C:\MAMP\htdocs\chic_dressing\wp-content\plugins\social-warfare\lib\utilities\SWP_Requests.php on line 62
[07-Feb-2024 00:14:10 UTC] PHP Warning:  Undefined property: WpOrg\Requests\Exception\Transport\Curl::$body in C:\MAMP\htdocs\chic_dressing\wp-content\plugins\social-warfare\lib\utilities\SWP_Requests.php on line 62
[07-Feb-2024 00:14:10 UTC] PHP Warning:  Undefined property: WpOrg\Requests\Exception\Transport\Curl::$body in C:\MAMP\htdocs\chic_dressing\wp-content\plugins\social-warfare\lib\utilities\SWP_Requests.php on line 62
[07-Feb-2024 00:14:10 UTC] PHP Warning:  Undefined property: WpOrg\Requests\Exception\Transport\Curl::$body in C:\MAMP\htdocs\chic_dressing\wp-content\plugins\social-warfare\lib\utilities\SWP_Requests.php on line 62
[07-Feb-2024 00:18:41 UTC] PHP Deprecated:  Required parameter $params follows optional parameter $title in C:\MAMP\htdocs\chic_dressing\wp-content\plugins\wysija-newsletters\views\front\widget_nl.php on line 108
[07-Feb-2024 00:18:55 UTC] PHP Deprecated:  Required parameter $params follows optional parameter $title in C:\MAMP\htdocs\chic_dressing\wp-content\plugins\wysija-newsletters\views\front\widget_nl.php on line 108
[07-Feb-2024 00:19:13 UTC] PHP Deprecated:  Required parameter $params follows optional parameter $title in C:\MAMP\htdocs\chic_dressing\wp-content\plugins\wysija-newsletters\views\front\widget_nl.php on line 108
[07-Feb-2024 00:19:30 UTC] PHP Deprecated:  Required parameter $params follows optional parameter $title in C:\MAMP\htdocs\chic_dressing\wp-content\plugins\wysija-newsletters\views\front\widget_nl.php on line 108
[07-Feb-2024 00:19:53 UTC] PHP Deprecated:  Required parameter $params follows optional parameter $title in C:\MAMP\htdocs\chic_dressing\wp-content\plugins\wysija-newsletters\views\front\widget_nl.php on line 108
[07-Feb-2024 00:19:57 UTC] PHP Deprecated:  Required parameter $params follows optional parameter $title in C:\MAMP\htdocs\chic_dressing\wp-content\plugins\wysija-newsletters\views\front\widget_nl.php on line 108
[07-Feb-2024 00:20:35 UTC] PHP Deprecated:  The PSR-0 `Requests_...` class names in the Requests library are deprecated. Switch to the PSR-4 `WpOrg\Requests\...` class names at your earliest convenience. in C:\MAMP\htdocs\chic_dressing\wp-includes\class-requests.php on line 24
[07-Feb-2024 00:20:35 UTC] PHP Warning:  Undefined property: WpOrg\Requests\Exception\Transport\Curl::$body in C:\MAMP\htdocs\chic_dressing\wp-content\plugins\social-warfare\lib\utilities\SWP_Requests.php on line 62
[07-Feb-2024 00:20:35 UTC] PHP Warning:  Undefined property: WpOrg\Requests\Exception\Transport\Curl::$body in C:\MAMP\htdocs\chic_dressing\wp-content\plugins\social-warfare\lib\utilities\SWP_Requests.php on line 62
[07-Feb-2024 00:20:35 UTC] PHP Warning:  Undefined property: WpOrg\Requests\Exception\Transport\Curl::$body in C:\MAMP\htdocs\chic_dressing\wp-content\plugins\social-warfare\lib\utilities\SWP_Requests.php on line 62
[07-Feb-2024 00:20:35 UTC] PHP Warning:  Undefined property: WpOrg\Requests\Exception\Transport\Curl::$body in C:\MAMP\htdocs\chic_dressing\wp-content\plugins\social-warfare\lib\utilities\SWP_Requests.php on line 62
[07-Feb-2024 00:20:36 UTC] PHP Warning:  Undefined property: WpOrg\Requests\Exception\Transport\Curl::$body in C:\MAMP\htdocs\chic_dressing\wp-content\plugins\social-warfare\lib\utilities\SWP_Requests.php on line 62
[07-Feb-2024 00:20:36 UTC] PHP Warning:  Undefined property: WpOrg\Requests\Exception\Transport\Curl::$body in C:\MAMP\htdocs\chic_dressing\wp-content\plugins\social-warfare\lib\utilities\SWP_Requests.php on line 62
[07-Feb-2024 00:20:36 UTC] PHP Warning:  Undefined property: WpOrg\Requests\Exception\Transport\Curl::$body in C:\MAMP\htdocs\chic_dressing\wp-content\plugins\social-warfare\lib\utilities\SWP_Requests.php on line 62
[07-Feb-2024 00:20:36 UTC] PHP Warning:  Undefined property: WpOrg\Requests\Exception\Transport\Curl::$body in C:\MAMP\htdocs\chic_dressing\wp-content\plugins\social-warfare\lib\utilities\SWP_Requests.php on line 62
[07-Feb-2024 00:20:40 UTC] PHP Deprecated:  Required parameter $params follows optional parameter $title in C:\MAMP\htdocs\chic_dressing\wp-content\plugins\wysija-newsletters\views\front\widget_nl.php on line 108
[07-Feb-2024 00:20:54 UTC] PHP Deprecated:  Required parameter $params follows optional parameter $title in C:\MAMP\htdocs\chic_dressing\wp-content\plugins\wysija-newsletters\views\front\widget_nl.php on line 108
[07-Feb-2024 00:21:14 UTC] PHP Deprecated:  Required parameter $params follows optional parameter $title in C:\MAMP\htdocs\chic_dressing\wp-content\plugins\wysija-newsletters\views\front\widget_nl.php on line 108
[07-Feb-2024 00:21:19 UTC] PHP Deprecated:  Required parameter $params follows optional parameter $title in C:\MAMP\htdocs\chic_dressing\wp-content\plugins\wysija-newsletters\views\front\widget_nl.php on line 108
[07-Feb-2024 00:21:32 UTC] PHP Deprecated:  Required parameter $params follows optional parameter $title in C:\MAMP\htdocs\chic_dressing\wp-content\plugins\wysija-newsletters\views\front\widget_nl.php on line 108
[07-Feb-2024 00:21:55 UTC] PHP Deprecated:  Required parameter $params follows optional parameter $title in C:\MAMP\htdocs\chic_dressing\wp-content\plugins\wysija-newsletters\views\front\widget_nl.php on line 108
[07-Feb-2024 00:22:00 UTC] PHP Deprecated:  Required parameter $params follows optional parameter $title in C:\MAMP\htdocs\chic_dressing\wp-content\plugins\wysija-newsletters\views\front\widget_nl.php on line 108
[07-Feb-2024 00:22:52 UTC] PHP Deprecated:  Required parameter $params follows optional parameter $title in C:\MAMP\htdocs\chic_dressing\wp-content\plugins\wysija-newsletters\views\front\widget_nl.php on line 108
[07-Feb-2024 00:23:15 UTC] PHP Deprecated:  Required parameter $params follows optional parameter $title in C:\MAMP\htdocs\chic_dressing\wp-content\plugins\wysija-newsletters\views\front\widget_nl.php on line 108
[07-Feb-2024 00:23:30 UTC] PHP Deprecated:  Required parameter $params follows optional parameter $title in C:\MAMP\htdocs\chic_dressing\wp-content\plugins\wysija-newsletters\views\front\widget_nl.php on line 108
[07-Feb-2024 00:23:53 UTC] PHP Deprecated:  Required parameter $params follows optional parameter $title in C:\MAMP\htdocs\chic_dressing\wp-content\plugins\wysija-newsletters\views\front\widget_nl.php on line 108
[07-Feb-2024 00:23:57 UTC] PHP Deprecated:  Required parameter $params follows optional parameter $title in C:\MAMP\htdocs\chic_dressing\wp-content\plugins\wysija-newsletters\views\front\widget_nl.php on line 108
[07-Feb-2024 00:24:18 UTC] PHP Deprecated:  Required parameter $params follows optional parameter $title in C:\MAMP\htdocs\chic_dressing\wp-content\plugins\wysija-newsletters\views\front\widget_nl.php on line 108
[07-Feb-2024 00:25:17 UTC] PHP Deprecated:  Required parameter $params follows optional parameter $title in C:\MAMP\htdocs\chic_dressing\wp-content\plugins\wysija-newsletters\views\front\widget_nl.php on line 108
[07-Feb-2024 00:25:30 UTC] PHP Deprecated:  Required parameter $params follows optional parameter $title in C:\MAMP\htdocs\chic_dressing\wp-content\plugins\wysija-newsletters\views\front\widget_nl.php on line 108
[07-Feb-2024 11:41:53 UTC] PHP Fatal error:  Maximum execution time of 60 seconds exceeded in C:\MAMP\htdocs\chic_dressing\wp-content\plugins\woocommerce\includes\queue\class-wc-action-queue.php on line 9
[07-Feb-2024 11:41:56 UTC] PHP Fatal error:  Maximum execution time of 60 seconds exceeded in C:\MAMP\htdocs\chic_dressing\wp-content\plugins\woocommerce\includes\tracks\class-wc-site-tracking.php on line 238
[07-Feb-2024 11:41:59 UTC] PHP Fatal error:  Maximum execution time of 60 seconds exceeded in C:\MAMP\htdocs\chic_dressing\wp-content\plugins\woocommerce\src\Proxies\LegacyProxy.php on line 110
[07-Feb-2024 11:41:59 UTC] PHP Notice:  La fonction is_embed a été appelée de façon incorrecte. Les balises de requête conditionnelle ne fonctionnent pas avant le lancement de la requête. Avant cela, elles renvoient toujours le booléen false. Veuillez lire <a>Débogage dans WordPress</a> (en) pour plus d’informations. (Ce message a été ajouté à la version 3.1.0.) in C:\MAMP\htdocs\chic_dressing\wp-includes\functions.php on line 6031
[07-Feb-2024 11:41:59 UTC] PHP Notice:  La fonction is_search a été appelée de façon incorrecte. Les balises de requête conditionnelle ne fonctionnent pas avant le lancement de la requête. Avant cela, elles renvoient toujours le booléen false. Veuillez lire <a>Débogage dans WordPress</a> (en) pour plus d’informations. (Ce message a été ajouté à la version 3.1.0.) in C:\MAMP\htdocs\chic_dressing\wp-includes\functions.php on line 6031
[07-Feb-2024 11:42:59 UTC] PHP Fatal error:  Maximum execution time of 60 seconds exceeded in C:\MAMP\htdocs\chic_dressing\wp-content\plugins\elementor\core\files\file-types\base.php on line 8
[07-Feb-2024 11:43:06 UTC] PHP Fatal error:  Maximum execution time of 60 seconds exceeded in C:\MAMP\htdocs\chic_dressing\wp-includes\functions.php on line 4593
[07-Feb-2024 11:43:17 UTC] PHP Fatal error:  Maximum execution time of 60 seconds exceeded in C:\MAMP\htdocs\chic_dressing\wp-content\plugins\woocommerce\src\Blocks\BlockTypes\MiniCart.php on line 697
[07-Feb-2024 11:43:22 UTC] PHP Fatal error:  Maximum execution time of 60 seconds exceeded in C:\MAMP\htdocs\chic_dressing\wp-content\plugins\woocommerce\src\Blocks\BlockTypes\CartCrossSellsBlock.php on line 15
[07-Feb-2024 11:50:08 UTC] PHP Deprecated:  Required parameter $params follows optional parameter $title in C:\MAMP\htdocs\chic_dressing\wp-content\plugins\wysija-newsletters\views\front\widget_nl.php on line 108
[07-Feb-2024 11:59:58 UTC] PHP Deprecated:  Required parameter $params follows optional parameter $title in C:\MAMP\htdocs\chic_dressing\wp-content\plugins\wysija-newsletters\views\front\widget_nl.php on line 108
[07-Feb-2024 14:14:12 UTC] PHP Deprecated:  Required parameter $params follows optional parameter $title in C:\MAMP\htdocs\chic_dressing\wp-content\plugins\wysija-newsletters\views\front\widget_nl.php on line 108
[07-Feb-2024 14:14:24 UTC] PHP Deprecated:  Required parameter $params follows optional parameter $title in C:\MAMP\htdocs\chic_dressing\wp-content\plugins\wysija-newsletters\views\front\widget_nl.php on line 108
[07-Feb-2024 14:24:32 UTC] PHP Deprecated:  Required parameter $params follows optional parameter $title in C:\MAMP\htdocs\chic_dressing\wp-content\plugins\wysija-newsletters\views\front\widget_nl.php on line 108
[07-Feb-2024 14:24:39 UTC] PHP Deprecated:  Required parameter $params follows optional parameter $title in C:\MAMP\htdocs\chic_dressing\wp-content\plugins\wysija-newsletters\views\front\widget_nl.php on line 108
[07-Feb-2024 14:24:49 UTC] PHP Deprecated:  Required parameter $params follows optional parameter $title in C:\MAMP\htdocs\chic_dressing\wp-content\plugins\wysija-newsletters\views\front\widget_nl.php on line 108
[07-Feb-2024 14:25:06 UTC] PHP Deprecated:  Required parameter $params follows optional parameter $title in C:\MAMP\htdocs\chic_dressing\wp-content\plugins\wysija-newsletters\views\front\widget_nl.php on line 108
[07-Feb-2024 14:49:05 UTC] PHP Deprecated:  Required parameter $params follows optional parameter $title in C:\MAMP\htdocs\chic_dressing\wp-content\plugins\wysija-newsletters\views\front\widget_nl.php on line 108
[07-Feb-2024 14:50:13 UTC] PHP Deprecated:  Required parameter $params follows optional parameter $title in C:\MAMP\htdocs\chic_dressing\wp-content\plugins\wysija-newsletters\views\front\widget_nl.php on line 108
[07-Feb-2024 14:53:10 UTC] PHP Deprecated:  Required parameter $params follows optional parameter $title in C:\MAMP\htdocs\chic_dressing\wp-content\plugins\wysija-newsletters\views\front\widget_nl.php on line 108
[07-Feb-2024 14:53:21 UTC] PHP Deprecated:  Required parameter $params follows optional parameter $title in C:\MAMP\htdocs\chic_dressing\wp-content\plugins\wysija-newsletters\views\front\widget_nl.php on line 108
[07-Feb-2024 14:54:16 UTC] PHP Deprecated:  Required parameter $params follows optional parameter $title in C:\MAMP\htdocs\chic_dressing\wp-content\plugins\wysija-newsletters\views\front\widget_nl.php on line 108
[07-Feb-2024 15:17:55 UTC] PHP Deprecated:  Required parameter $params follows optional parameter $title in C:\MAMP\htdocs\chic_dressing\wp-content\plugins\wysija-newsletters\views\front\widget_nl.php on line 108
[07-Feb-2024 15:43:27 UTC] PHP Deprecated:  Required parameter $params follows optional parameter $title in C:\MAMP\htdocs\chic_dressing\wp-content\plugins\wysija-newsletters\views\front\widget_nl.php on line 108
[07-Feb-2024 15:49:21 UTC] PHP Deprecated:  Required parameter $params follows optional parameter $title in C:\MAMP\htdocs\chic_dressing\wp-content\plugins\wysija-newsletters\views\front\widget_nl.php on line 108
[07-Feb-2024 15:50:02 UTC] PHP Deprecated:  Required parameter $params follows optional parameter $title in C:\MAMP\htdocs\chic_dressing\wp-content\plugins\wysija-newsletters\views\front\widget_nl.php on line 108
